2025-07-05 17:40:51 initial commit
2025-11-25 05:39:45 optimize function
2025-03-18 00:22:10 add example file
2025-07-23 13:08:05 fix warnings
2025-09-10 12:02:04 update docs with examples
2025-01-08 06:30:57 adjust timeout
2025-01-19 23:54:28 add fallback
2025-03-29 03:54:12 stabilize build
2025-05-18 09:31:14 add sample data
2025-09-25 10:27:56 restructure modules
2025-02-11 20:40:17 simplify logic
2025-08-21 03:14:05 update scripts
2025-09-10 06:31:03 experimental changes
2025-06-09 10:02:29 update logging
2025-05-02 15:09:56 update roadmap
2025-11-15 05:36:42 small refactor
2025-04-26 00:23:33 add example file
2025-09-22 12:19:37 update API keys
2025-07-23 03:49:39 rollback changes
2025-12-23 18:58:13 fix edge case
2025-01-29 08:18:40 fix encoding issue
2025-12-08 21:25:52 fix edge case
2025-12-17 22:16:22 upgrade dependencies
2025-01-12 22:12:06 update LICENSE
